root - INFO - Searching best hyperparameters on 11 cores
root - INFO - ********* Best parameters found ***********
root - INFO - BEST PARAMS: {'learning_rate': 1.0, 'max_depth': 5, 'min_samples_split': 100, 'n_estimators': 10}
root - INFO - Model saved to disk: /media/naveed/Codes_GitHub/Devops_ML/Projects/nd0821-c3-starter-code/ml/../model
root - INFO - Classification target labels: ['<=50K', '>50K']
root - INFO - precision:0.740, recall:0.645, fbeta:0.689
root - INFO - Confusion matrix:
[[4589  356]
 [ 556 1012]]
root - INFO - Performance on slice workclass
root - INFO -      feature     feature value n_samples precision    recall     fbeta
0  workclass         State-gov       271  0.679487  0.688312  0.683871
1  workclass           Private      4541  0.726723  0.629319  0.674523
2  workclass  Self-emp-not-inc       494  0.766355  0.543046  0.635659
3  workclass      Self-emp-inc       232  0.842857  0.836879  0.839858
4  workclass                 ?       369  0.764706  0.530612  0.626506
5  workclass         Local-gov       427  0.747748  0.628788  0.683128
6  workclass       Federal-gov       172  0.690141  0.777778  0.731343
7  workclass       Without-pay         5       1.0       1.0       1.0
8  workclass      Never-worked         2       1.0       1.0       1.0
root - INFO - Performance on slice education
root - INFO -       feature feature value n_samples precision    recall     fbeta
0   education  Some-college      1450  0.700893  0.545139  0.613281
1   education       HS-grad      2166  0.661538  0.372832  0.476895
2   education     Bachelors      1019  0.733333  0.809976  0.769752
3   education    Assoc-acdm       209      0.75  0.586957  0.658537
4   education           9th       107       0.0       0.0       0.0
5   education          10th       182       1.0    0.4375  0.608696
6   education       5th-6th        74  0.666667       0.5  0.571429
7   education       7th-8th       135       1.0       0.0       0.0
8   education     Assoc-voc       276  0.698113  0.536232  0.606557
9   education   Prof-school       103  0.910256  0.898734  0.904459
10  education       Masters       351  0.780822  0.850746  0.814286
11  education          11th       228  0.555556     0.625  0.588235
12  education          12th        77       0.5       0.2  0.285714
13  education     Doctorate        98  0.842105  0.888889  0.864865
14  education       1st-4th        31       1.0       0.0       0.0
15  education     Preschool         7       1.0       1.0       1.0
root - INFO - Performance on slice marital-status
root - INFO -           feature          feature value n_samples precision    recall     fbeta
0  marital-status               Divorced       908  0.745763   0.44898   0.56051
1  marital-status     Married-civ-spouse      2989  0.742437   0.68015   0.70993
2  marital-status          Never-married      2117  0.712121  0.479592  0.573171
3  marital-status              Separated       214  0.857143  0.461538       0.6
4  marital-status  Married-spouse-absent        81  0.333333  0.666667  0.444444
5  marital-status                Widowed       198       0.8  0.222222  0.347826
6  marital-status      Married-AF-spouse         6       0.5  0.333333       0.4
root - INFO - Performance on slice occupation
root - INFO -        feature      feature value n_samples precision    recall     fbeta
0   occupation    Protective-serv       124   0.59375   0.59375   0.59375
1   occupation    Exec-managerial       822  0.792771  0.785203  0.788969
2   occupation       Craft-repair       845  0.714286  0.306122  0.428571
3   occupation              Sales       696  0.696335  0.707447  0.701847
4   occupation  Machine-op-inspct       420  0.631579      0.24  0.347826
5   occupation      Other-service       656     0.625       0.2   0.30303
6   occupation   Transport-moving       326  0.659091   0.42029  0.513274
7   occupation     Prof-specialty       801  0.778378  0.818182  0.797784
8   occupation    Farming-fishing       190  0.818182  0.346154  0.486486
9   occupation       Adm-clerical       761  0.602151  0.615385  0.608696
10  occupation                  ?       371  0.764706  0.530612  0.626506
11  occupation  Handlers-cleaners       305     0.875  0.333333  0.482759
12  occupation       Tech-support       175  0.661017      0.78  0.715596
13  occupation    Priv-house-serv        21       1.0       1.0       1.0
root - INFO - Performance on slice relationship
root - INFO -         feature   feature value n_samples precision    recall     fbeta
0  relationship  Other-relative       201     0.625  0.555556  0.588235
1  relationship       Unmarried       698  0.842105  0.380952   0.52459
2  relationship         Husband      2631  0.753259  0.680404   0.71498
3  relationship   Not-in-family      1678  0.705357  0.461988  0.558304
4  relationship            Wife       307  0.671329  0.685714  0.678445
5  relationship       Own-child       998  0.583333  0.411765  0.482759
root - INFO - Performance on slice race
root - INFO -   feature       feature value n_samples precision    recall     fbeta
0    race               White      5534  0.744543  0.648592  0.693263
1    race               Black       655  0.705882  0.615385  0.657534
2    race  Asian-Pac-Islander       195      0.68   0.62963  0.653846
3    race               Other        54  0.333333       0.2      0.25
4    race  Amer-Indian-Eskimo        75       0.8  0.727273  0.761905
root - INFO - Performance on slice sex
root - INFO -   feature feature value n_samples precision    recall     fbeta
0     sex          Male      4348  0.749788   0.65288  0.697987
1     sex        Female      2165  0.677249  0.598131  0.635236
root - INFO - Performance on slice native-country
root - INFO -            feature               feature value n_samples precision    recall     fbeta
0   native-country               United-States      5837  0.742351  0.642061  0.688574
1   native-country                      Canada        30  0.818182  0.818182  0.818182
2   native-country                           ?       120  0.708333  0.586207  0.641509
3   native-country                      Mexico       129       0.6     0.375  0.461538
4   native-country                       Italy        12       1.0       0.5  0.666667
5   native-country                      Poland         8       1.0  0.666667       0.8
6   native-country          Dominican-Republic        16       1.0       1.0       1.0
7   native-country                      France         4       1.0       1.0       1.0
8   native-country                     Germany        31  0.888889  0.727273       0.8
9   native-country                 El-Salvador        25       1.0       1.0       1.0
10  native-country                       India        31  0.533333  0.888889  0.666667
11  native-country                    Columbia        18  0.333333       1.0       0.5
12  native-country                   Guatemala         9       1.0       1.0       1.0
13  native-country                     Jamaica        18       0.0       0.0       0.0
14  native-country                        Peru         4       1.0       1.0       1.0
15  native-country                    Honduras         3       1.0       1.0       1.0
16  native-country                     Vietnam        13       1.0       1.0       1.0
17  native-country                  Yugoslavia         5       0.5       0.5       0.5
18  native-country                     Hungary         4       0.5       1.0  0.666667
19  native-country  Outlying-US(Guam-USVI-etc)         2       1.0       1.0       1.0
20  native-country                       Japan        16       0.8  0.666667  0.727273
21  native-country                       South         9       0.0       0.0       0.0
22  native-country                    Thailand         3       1.0       1.0       1.0
23  native-country                 Philippines        31       1.0  0.636364  0.777778
24  native-country                     England        21      0.75      0.75      0.75
25  native-country                       China        13       1.0       1.0       1.0
26  native-country                      Taiwan         8      0.75       1.0  0.857143
27  native-country             Trinadad&Tobago         6       0.5       1.0  0.666667
28  native-country                        Cuba        13       1.0       1.0       1.0
29  native-country                      Greece         4       1.0       1.0       1.0
30  native-country                     Ecuador         2       1.0       1.0       1.0
31  native-country                     Ireland         9       1.0  0.333333       0.5
32  native-country                        Hong         5       0.0       1.0       0.0
33  native-country                    Cambodia         2       1.0       0.0       0.0
34  native-country                       Haiti         9       1.0       1.0       1.0
35  native-country                 Puerto-Rico        16       0.0       1.0       0.0
36  native-country                        Iran         9      0.75      0.75      0.75
37  native-country                    Portugal         6       1.0       1.0       1.0
38  native-country                    Scotland         5       1.0       1.0       1.0
39  native-country                   Nicaragua         5       1.0       1.0       1.0
40  native-country                        Laos         2       1.0       1.0       1.0
